22-Jan-2018 16:18:18.813 INFO [main] org.apache.catalina.startup.VersionLoggerListener.log Server version:        Apache Tomcat/8.5.24
22-Jan-2018 16:18:18.816 INFO [main] org.apache.catalina.startup.VersionLoggerListener.log Server built:          Nov 27 2017 13:05:30 UTC
22-Jan-2018 16:18:18.816 INFO [main] org.apache.catalina.startup.VersionLoggerListener.log Server number:         8.5.24.0
22-Jan-2018 16:18:18.817 INFO [main] org.apache.catalina.startup.VersionLoggerListener.log OS Name:               Windows 10
22-Jan-2018 16:18:18.817 INFO [main] org.apache.catalina.startup.VersionLoggerListener.log OS Version:            10.0
22-Jan-2018 16:18:18.817 INFO [main] org.apache.catalina.startup.VersionLoggerListener.log Architecture:          amd64
22-Jan-2018 16:18:18.818 INFO [main] org.apache.catalina.startup.VersionLoggerListener.log Java Home:             C:\Program Files\Java\jdk1.8.0_144\jre
22-Jan-2018 16:18:18.818 INFO [main] org.apache.catalina.startup.VersionLoggerListener.log JVM Version:           1.8.0_144-b01
22-Jan-2018 16:18:18.818 INFO [main] org.apache.catalina.startup.VersionLoggerListener.log JVM Vendor:            Oracle Corporation
22-Jan-2018 16:18:18.819 INFO [main] org.apache.catalina.startup.VersionLoggerListener.log CATALINA_BASE:         C:\Users\Administrator\Desktop\apache-tomcat-8.5.24
22-Jan-2018 16:18:18.819 INFO [main] org.apache.catalina.startup.VersionLoggerListener.log CATALINA_HOME:         C:\Users\Administrator\Desktop\apache-tomcat-8.5.24
22-Jan-2018 16:18:18.819 INFO [main] org.apache.catalina.startup.VersionLoggerListener.log Command line argument: -Djava.util.logging.config.file=C:\Users\Administrator\Desktop\apache-tomcat-8.5.24\conf\logging.properties
22-Jan-2018 16:18:18.820 INFO [main] org.apache.catalina.startup.VersionLoggerListener.log Command line argument: -Djava.util.logging.manager=org.apache.juli.ClassLoaderLogManager
22-Jan-2018 16:18:18.820 INFO [main] org.apache.catalina.startup.VersionLoggerListener.log Command line argument: -Djdk.tls.ephemeralDHKeySize=2048
22-Jan-2018 16:18:18.821 INFO [main] org.apache.catalina.startup.VersionLoggerListener.log Command line argument: -Djava.protocol.handler.pkgs=org.apache.catalina.webresources
22-Jan-2018 16:18:18.821 INFO [main] org.apache.catalina.startup.VersionLoggerListener.log Command line argument: -Dignore.endorsed.dirs=
22-Jan-2018 16:18:18.821 INFO [main] org.apache.catalina.startup.VersionLoggerListener.log Command line argument: -Dcatalina.base=C:\Users\Administrator\Desktop\apache-tomcat-8.5.24
22-Jan-2018 16:18:18.822 INFO [main] org.apache.catalina.startup.VersionLoggerListener.log Command line argument: -Dcatalina.home=C:\Users\Administrator\Desktop\apache-tomcat-8.5.24
22-Jan-2018 16:18:18.823 INFO [main] org.apache.catalina.startup.VersionLoggerListener.log Command line argument: -Djava.io.tmpdir=C:\Users\Administrator\Desktop\apache-tomcat-8.5.24\temp
22-Jan-2018 16:18:18.826 INFO [main] org.apache.catalina.core.AprLifecycleListener.lifecycleEvent Loaded APR based Apache Tomcat Native library [1.2.16] using APR version [1.6.3].
22-Jan-2018 16:18:18.827 INFO [main] org.apache.catalina.core.AprLifecycleListener.lifecycleEvent APR capabilities: IPv6 [true], sendfile [true], accept filters [false], random [true].
22-Jan-2018 16:18:18.830 INFO [main] org.apache.catalina.core.AprLifecycleListener.lifecycleEvent APR/OpenSSL configuration: useAprConnector [false], useOpenSSL [true]
22-Jan-2018 16:18:19.668 INFO [main] org.apache.catalina.core.AprLifecycleListener.initializeSSL OpenSSL successfully initialized [OpenSSL 1.0.2m  2 Nov 2017]
22-Jan-2018 16:18:19.898 INFO [main] org.apache.coyote.AbstractProtocol.init Initializing ProtocolHandler ["http-nio-8090"]
22-Jan-2018 16:18:20.073 INFO [main] org.apache.tomcat.util.net.NioSelectorPool.getSharedSelector Using a shared selector for servlet write/read
22-Jan-2018 16:18:20.083 INFO [main] org.apache.coyote.AbstractProtocol.init Initializing ProtocolHandler ["ajp-nio-8019"]
22-Jan-2018 16:18:20.088 INFO [main] org.apache.tomcat.util.net.NioSelectorPool.getSharedSelector Using a shared selector for servlet write/read
22-Jan-2018 16:18:20.088 INFO [main] org.apache.catalina.startup.Catalina.load Initialization processed in 1719 ms
22-Jan-2018 16:18:20.128 INFO [main] org.apache.catalina.core.StandardService.startInternal Starting service [Catalina]
22-Jan-2018 16:18:20.129 INFO [main] org.apache.catalina.core.StandardEngine.startInternal Starting Servlet Engine: Apache Tomcat/8.5.24
22-Jan-2018 16:18:20.162 INFO [localhost-startStop-1] org.apache.catalina.startup.HostConfig.deployWAR Deploying web application archive [C:\Users\Administrator\Desktop\apache-tomcat-8.5.24\webapps\progettofinale.war]
22-Jan-2018 16:18:20.591 INFO [localhost-startStop-1] org.apache.catalina.startup.HostConfig.deployWAR Deployment of web application archive [C:\Users\Administrator\Desktop\apache-tomcat-8.5.24\webapps\progettofinale.war] has finished in [428] ms
22-Jan-2018 16:18:20.594 INFO [localhost-startStop-1] org.apache.catalina.startup.HostConfig.deployWAR Deploying web application archive [C:\Users\Administrator\Desktop\apache-tomcat-8.5.24\webapps\Training.war]
22-Jan-2018 16:18:20.645 INFO [localhost-startStop-1] org.apache.catalina.startup.HostConfig.deployWAR Deployment of web application archive [C:\Users\Administrator\Desktop\apache-tomcat-8.5.24\webapps\Training.war] has finished in [51] ms
22-Jan-2018 16:18:20.648 INFO [localhost-startStop-1] org.apache.catalina.startup.HostConfig.deployDirectory Deploying web application directory [C:\Users\Administrator\Desktop\apache-tomcat-8.5.24\webapps\docs]
22-Jan-2018 16:18:20.688 INFO [localhost-startStop-1] org.apache.catalina.startup.HostConfig.deployDirectory Deployment of web application directory [C:\Users\Administrator\Desktop\apache-tomcat-8.5.24\webapps\docs] has finished in [39] ms
22-Jan-2018 16:18:20.688 INFO [localhost-startStop-1] org.apache.catalina.startup.HostConfig.deployDirectory Deploying web application directory [C:\Users\Administrator\Desktop\apache-tomcat-8.5.24\webapps\examples]
22-Jan-2018 16:18:21.133 INFO [localhost-startStop-1] org.apache.catalina.startup.HostConfig.deployDirectory Deployment of web application directory [C:\Users\Administrator\Desktop\apache-tomcat-8.5.24\webapps\examples] has finished in [445] ms
22-Jan-2018 16:18:21.135 INFO [localhost-startStop-1] org.apache.catalina.startup.HostConfig.deployDirectory Deploying web application directory [C:\Users\Administrator\Desktop\apache-tomcat-8.5.24\webapps\host-manager]
22-Jan-2018 16:18:21.170 INFO [localhost-startStop-1] org.apache.catalina.startup.HostConfig.deployDirectory Deployment of web application directory [C:\Users\Administrator\Desktop\apache-tomcat-8.5.24\webapps\host-manager] has finished in [35] ms
22-Jan-2018 16:18:21.171 INFO [localhost-startStop-1] org.apache.catalina.startup.HostConfig.deployDirectory Deploying web application directory [C:\Users\Administrator\Desktop\apache-tomcat-8.5.24\webapps\manager]
22-Jan-2018 16:18:21.211 INFO [localhost-startStop-1] org.apache.catalina.startup.HostConfig.deployDirectory Deployment of web application directory [C:\Users\Administrator\Desktop\apache-tomcat-8.5.24\webapps\manager] has finished in [40] ms
22-Jan-2018 16:18:21.212 INFO [localhost-startStop-1] org.apache.catalina.startup.HostConfig.deployDirectory Deploying web application directory [C:\Users\Administrator\Desktop\apache-tomcat-8.5.24\webapps\ROOT]
22-Jan-2018 16:18:21.237 INFO [localhost-startStop-1] org.apache.catalina.startup.HostConfig.deployDirectory Deployment of web application directory [C:\Users\Administrator\Desktop\apache-tomcat-8.5.24\webapps\ROOT] has finished in [25] ms
22-Jan-2018 16:18:21.242 INFO [main] org.apache.coyote.AbstractProtocol.start Starting ProtocolHandler ["http-nio-8090"]
22-Jan-2018 16:18:21.251 INFO [main] org.apache.coyote.AbstractProtocol.start Starting ProtocolHandler ["ajp-nio-8019"]
22-Jan-2018 16:18:21.257 INFO [main] org.apache.catalina.startup.Catalina.start Server startup in 1168 ms
22-Jan-2018 16:19:01.295 INFO [localhost-startStop-2] org.apache.catalina.startup.HostConfig.deployWAR Deploying web application archive [C:\Users\Administrator\Desktop\apache-tomcat-8.5.24\webapps\ProgettoFinaleCinema2018_DALL.war]
22-Jan-2018 16:19:02.177 INFO [localhost-startStop-2] org.apache.jasper.servlet.TldScanner.scanJars At least one JAR was scanned for TLDs yet contained no TLDs. Enable debug logging for this logger for a complete list of JARs that were scanned but no TLDs were found in them. Skipping unneeded JARs during scanning can improve startup time and JSP compilation time.
22-Jan-2018 16:19:02.211 INFO [localhost-startStop-2] org.apache.catalina.startup.HostConfig.deployWAR Deployment of web application archive [C:\Users\Administrator\Desktop\apache-tomcat-8.5.24\webapps\ProgettoFinaleCinema2018_DALL.war] has finished in [916] ms
22-Jan-2018 16:20:22.827 INFO [ContainerBackgroundProcessor[StandardEngine[Catalina]]] org.apache.catalina.startup.HostConfig.undeploy Undeploying context [/ProgettoFinaleCinema2018_DALL]
22-Jan-2018 16:20:22.890 INFO [localhost-startStop-3] org.apache.catalina.startup.HostConfig.deployWAR Deploying web application archive [C:\Users\Administrator\Desktop\apache-tomcat-8.5.24\webapps\ProgettoFinaleCinema2018_DALL.war]
22-Jan-2018 16:20:23.529 INFO [localhost-startStop-3] org.apache.jasper.servlet.TldScanner.scanJars At least one JAR was scanned for TLDs yet contained no TLDs. Enable debug logging for this logger for a complete list of JARs that were scanned but no TLDs were found in them. Skipping unneeded JARs during scanning can improve startup time and JSP compilation time.
22-Jan-2018 16:20:23.565 INFO [localhost-startStop-3] org.apache.catalina.startup.HostConfig.deployWAR Deployment of web application archive [C:\Users\Administrator\Desktop\apache-tomcat-8.5.24\webapps\ProgettoFinaleCinema2018_DALL.war] has finished in [675] ms
22-Jan-2018 16:20:34.075 INFO [ContainerBackgroundProcessor[StandardEngine[Catalina]]] org.apache.catalina.startup.HostConfig.undeploy Undeploying context [/ProgettoFinaleCinema2018_DALL]
22-Jan-2018 16:20:44.163 INFO [localhost-startStop-4] org.apache.catalina.startup.HostConfig.deployWAR Deploying web application archive [C:\Users\Administrator\Desktop\apache-tomcat-8.5.24\webapps\ProgettoFinaleCinema2018_DALL.war]
22-Jan-2018 16:20:44.757 INFO [localhost-startStop-4] org.apache.jasper.servlet.TldScanner.scanJars At least one JAR was scanned for TLDs yet contained no TLDs. Enable debug logging for this logger for a complete list of JARs that were scanned but no TLDs were found in them. Skipping unneeded JARs during scanning can improve startup time and JSP compilation time.
22-Jan-2018 16:20:44.784 INFO [localhost-startStop-4] org.apache.catalina.startup.HostConfig.deployWAR Deployment of web application archive [C:\Users\Administrator\Desktop\apache-tomcat-8.5.24\webapps\ProgettoFinaleCinema2018_DALL.war] has finished in [620] ms
22-Jan-2018 16:21:34.825 INFO [ContainerBackgroundProcessor[StandardEngine[Catalina]]] org.apache.catalina.startup.HostConfig.undeploy Undeploying context [/ProgettoFinaleCinema2018_DALL]
22-Jan-2018 16:21:34.875 INFO [localhost-startStop-5] org.apache.catalina.startup.HostConfig.deployWAR Deploying web application archive [C:\Users\Administrator\Desktop\apache-tomcat-8.5.24\webapps\ProgettoFinaleCinema2018_DALL.war]
22-Jan-2018 16:21:35.444 INFO [localhost-startStop-5] org.apache.jasper.servlet.TldScanner.scanJars At least one JAR was scanned for TLDs yet contained no TLDs. Enable debug logging for this logger for a complete list of JARs that were scanned but no TLDs were found in them. Skipping unneeded JARs during scanning can improve startup time and JSP compilation time.
22-Jan-2018 16:21:35.465 INFO [localhost-startStop-5] org.apache.catalina.startup.HostConfig.deployWAR Deployment of web application archive [C:\Users\Administrator\Desktop\apache-tomcat-8.5.24\webapps\ProgettoFinaleCinema2018_DALL.war] has finished in [590] ms
22-Jan-2018 16:22:15.500 INFO [ContainerBackgroundProcessor[StandardEngine[Catalina]]] org.apache.catalina.startup.HostConfig.undeploy Undeploying context [/ProgettoFinaleCinema2018_DALL]
22-Jan-2018 16:22:15.559 INFO [localhost-startStop-6] org.apache.catalina.startup.HostConfig.deployWAR Deploying web application archive [C:\Users\Administrator\Desktop\apache-tomcat-8.5.24\webapps\ProgettoFinaleCinema2018_DALL.war]
22-Jan-2018 16:22:16.309 INFO [localhost-startStop-6] org.apache.jasper.servlet.TldScanner.scanJars At least one JAR was scanned for TLDs yet contained no TLDs. Enable debug logging for this logger for a complete list of JARs that were scanned but no TLDs were found in them. Skipping unneeded JARs during scanning can improve startup time and JSP compilation time.
22-Jan-2018 16:22:16.344 INFO [localhost-startStop-6] org.apache.catalina.startup.HostConfig.deployWAR Deployment of web application archive [C:\Users\Administrator\Desktop\apache-tomcat-8.5.24\webapps\ProgettoFinaleCinema2018_DALL.war] has finished in [785] ms
22-Jan-2018 16:55:12.245 INFO [ContainerBackgroundProcessor[StandardEngine[Catalina]]] org.apache.catalina.startup.HostConfig.undeploy Undeploying context [/ProgettoFinaleCinema2018_DALL]
22-Jan-2018 16:55:12.303 INFO [localhost-startStop-7] org.apache.catalina.startup.HostConfig.deployWAR Deploying web application archive [C:\Users\Administrator\Desktop\apache-tomcat-8.5.24\webapps\ProgettoFinaleCinema2018_DALL.war]
22-Jan-2018 16:55:12.790 INFO [localhost-startStop-7] org.apache.jasper.servlet.TldScanner.scanJars At least one JAR was scanned for TLDs yet contained no TLDs. Enable debug logging for this logger for a complete list of JARs that were scanned but no TLDs were found in them. Skipping unneeded JARs during scanning can improve startup time and JSP compilation time.
22-Jan-2018 16:55:12.813 INFO [localhost-startStop-7] org.apache.catalina.startup.HostConfig.deployWAR Deployment of web application archive [C:\Users\Administrator\Desktop\apache-tomcat-8.5.24\webapps\ProgettoFinaleCinema2018_DALL.war] has finished in [510] ms
22-Jan-2018 16:57:22.934 INFO [ContainerBackgroundProcessor[StandardEngine[Catalina]]] org.apache.catalina.startup.HostConfig.undeploy Undeploying context [/ProgettoFinaleCinema2018_DALL]
22-Jan-2018 16:57:22.989 INFO [localhost-startStop-8] org.apache.catalina.startup.HostConfig.deployWAR Deploying web application archive [C:\Users\Administrator\Desktop\apache-tomcat-8.5.24\webapps\ProgettoFinaleCinema2018_DALL.war]
22-Jan-2018 16:57:23.481 INFO [localhost-startStop-8] org.apache.jasper.servlet.TldScanner.scanJars At least one JAR was scanned for TLDs yet contained no TLDs. Enable debug logging for this logger for a complete list of JARs that were scanned but no TLDs were found in them. Skipping unneeded JARs during scanning can improve startup time and JSP compilation time.
22-Jan-2018 16:57:23.500 INFO [localhost-startStop-8] org.apache.catalina.startup.HostConfig.deployWAR Deployment of web application archive [C:\Users\Administrator\Desktop\apache-tomcat-8.5.24\webapps\ProgettoFinaleCinema2018_DALL.war] has finished in [511] ms
22-Jan-2018 16:59:03.595 INFO [ContainerBackgroundProcessor[StandardEngine[Catalina]]] org.apache.catalina.startup.HostConfig.undeploy Undeploying context [/ProgettoFinaleCinema2018_DALL]
22-Jan-2018 16:59:03.631 INFO [localhost-startStop-9] org.apache.catalina.startup.HostConfig.deployWAR Deploying web application archive [C:\Users\Administrator\Desktop\apache-tomcat-8.5.24\webapps\ProgettoFinaleCinema2018_DALL.war]
22-Jan-2018 16:59:04.071 INFO [localhost-startStop-9] org.apache.jasper.servlet.TldScanner.scanJars At least one JAR was scanned for TLDs yet contained no TLDs. Enable debug logging for this logger for a complete list of JARs that were scanned but no TLDs were found in them. Skipping unneeded JARs during scanning can improve startup time and JSP compilation time.
22-Jan-2018 16:59:04.083 INFO [localhost-startStop-9] org.apache.catalina.startup.HostConfig.deployWAR Deployment of web application archive [C:\Users\Administrator\Desktop\apache-tomcat-8.5.24\webapps\ProgettoFinaleCinema2018_DALL.war] has finished in [452] ms
22-Jan-2018 17:02:44.271 INFO [ContainerBackgroundProcessor[StandardEngine[Catalina]]] org.apache.catalina.startup.HostConfig.undeploy Undeploying context [/ProgettoFinaleCinema2018_DALL]
22-Jan-2018 17:02:44.348 INFO [localhost-startStop-10] org.apache.catalina.startup.HostConfig.deployWAR Deploying web application archive [C:\Users\Administrator\Desktop\apache-tomcat-8.5.24\webapps\ProgettoFinaleCinema2018_DALL.war]
22-Jan-2018 17:02:44.919 INFO [localhost-startStop-10] org.apache.jasper.servlet.TldScanner.scanJars At least one JAR was scanned for TLDs yet contained no TLDs. Enable debug logging for this logger for a complete list of JARs that were scanned but no TLDs were found in them. Skipping unneeded JARs during scanning can improve startup time and JSP compilation time.
22-Jan-2018 17:02:44.932 INFO [localhost-startStop-10] org.apache.catalina.startup.HostConfig.deployWAR Deployment of web application archive [C:\Users\Administrator\Desktop\apache-tomcat-8.5.24\webapps\ProgettoFinaleCinema2018_DALL.war] has finished in [584] ms
22-Jan-2018 17:04:55.061 INFO [ContainerBackgroundProcessor[StandardEngine[Catalina]]] org.apache.catalina.startup.HostConfig.undeploy Undeploying context [/ProgettoFinaleCinema2018_DALL]
22-Jan-2018 17:04:55.129 INFO [localhost-startStop-11] org.apache.catalina.startup.HostConfig.deployWAR Deploying web application archive [C:\Users\Administrator\Desktop\apache-tomcat-8.5.24\webapps\ProgettoFinaleCinema2018_DALL.war]
22-Jan-2018 17:04:55.555 INFO [localhost-startStop-11] org.apache.jasper.servlet.TldScanner.scanJars At least one JAR was scanned for TLDs yet contained no TLDs. Enable debug logging for this logger for a complete list of JARs that were scanned but no TLDs were found in them. Skipping unneeded JARs during scanning can improve startup time and JSP compilation time.
22-Jan-2018 17:04:55.571 INFO [localhost-startStop-11] org.apache.catalina.startup.HostConfig.deployWAR Deployment of web application archive [C:\Users\Administrator\Desktop\apache-tomcat-8.5.24\webapps\ProgettoFinaleCinema2018_DALL.war] has finished in [442] ms
22-Jan-2018 17:06:15.652 INFO [ContainerBackgroundProcessor[StandardEngine[Catalina]]] org.apache.catalina.startup.HostConfig.undeploy Undeploying context [/ProgettoFinaleCinema2018_DALL]
22-Jan-2018 17:06:15.722 INFO [localhost-startStop-12] org.apache.catalina.startup.HostConfig.deployWAR Deploying web application archive [C:\Users\Administrator\Desktop\apache-tomcat-8.5.24\webapps\ProgettoFinaleCinema2018_DALL.war]
22-Jan-2018 17:06:16.180 INFO [localhost-startStop-12] org.apache.jasper.servlet.TldScanner.scanJars At least one JAR was scanned for TLDs yet contained no TLDs. Enable debug logging for this logger for a complete list of JARs that were scanned but no TLDs were found in them. Skipping unneeded JARs during scanning can improve startup time and JSP compilation time.
22-Jan-2018 17:06:16.194 INFO [localhost-startStop-12] org.apache.catalina.startup.HostConfig.deployWAR Deployment of web application archive [C:\Users\Administrator\Desktop\apache-tomcat-8.5.24\webapps\ProgettoFinaleCinema2018_DALL.war] has finished in [472] ms
22-Jan-2018 17:06:56.237 INFO [ContainerBackgroundProcessor[StandardEngine[Catalina]]] org.apache.catalina.startup.HostConfig.undeploy Undeploying context [/ProgettoFinaleCinema2018_DALL]
22-Jan-2018 17:06:56.307 INFO [localhost-startStop-13] org.apache.catalina.startup.HostConfig.deployWAR Deploying web application archive [C:\Users\Administrator\Desktop\apache-tomcat-8.5.24\webapps\ProgettoFinaleCinema2018_DALL.war]
22-Jan-2018 17:06:56.731 INFO [localhost-startStop-13] org.apache.jasper.servlet.TldScanner.scanJars At least one JAR was scanned for TLDs yet contained no TLDs. Enable debug logging for this logger for a complete list of JARs that were scanned but no TLDs were found in them. Skipping unneeded JARs during scanning can improve startup time and JSP compilation time.
22-Jan-2018 17:06:56.749 INFO [localhost-startStop-13] org.apache.catalina.startup.HostConfig.deployWAR Deployment of web application archive [C:\Users\Administrator\Desktop\apache-tomcat-8.5.24\webapps\ProgettoFinaleCinema2018_DALL.war] has finished in [442] ms
22-Jan-2018 17:08:26.822 INFO [ContainerBackgroundProcessor[StandardEngine[Catalina]]] org.apache.catalina.startup.HostConfig.undeploy Undeploying context [/ProgettoFinaleCinema2018_DALL]
22-Jan-2018 17:08:26.916 INFO [localhost-startStop-14] org.apache.catalina.startup.HostConfig.deployWAR Deploying web application archive [C:\Users\Administrator\Desktop\apache-tomcat-8.5.24\webapps\ProgettoFinaleCinema2018_DALL.war]
22-Jan-2018 17:08:27.413 INFO [localhost-startStop-14] org.apache.jasper.servlet.TldScanner.scanJars At least one JAR was scanned for TLDs yet contained no TLDs. Enable debug logging for this logger for a complete list of JARs that were scanned but no TLDs were found in them. Skipping unneeded JARs during scanning can improve startup time and JSP compilation time.
22-Jan-2018 17:08:27.429 INFO [localhost-startStop-14] org.apache.catalina.startup.HostConfig.deployWAR Deployment of web application archive [C:\Users\Administrator\Desktop\apache-tomcat-8.5.24\webapps\ProgettoFinaleCinema2018_DALL.war] has finished in [513] ms
22-Jan-2018 17:10:27.543 INFO [ContainerBackgroundProcessor[StandardEngine[Catalina]]] org.apache.catalina.startup.HostConfig.undeploy Undeploying context [/ProgettoFinaleCinema2018_DALL]
22-Jan-2018 17:10:27.606 INFO [localhost-startStop-15] org.apache.catalina.startup.HostConfig.deployWAR Deploying web application archive [C:\Users\Administrator\Desktop\apache-tomcat-8.5.24\webapps\ProgettoFinaleCinema2018_DALL.war]
22-Jan-2018 17:10:28.043 INFO [localhost-startStop-15] org.apache.jasper.servlet.TldScanner.scanJars At least one JAR was scanned for TLDs yet contained no TLDs. Enable debug logging for this logger for a complete list of JARs that were scanned but no TLDs were found in them. Skipping unneeded JARs during scanning can improve startup time and JSP compilation time.
22-Jan-2018 17:10:28.061 INFO [localhost-startStop-15] org.apache.catalina.startup.HostConfig.deployWAR Deployment of web application archive [C:\Users\Administrator\Desktop\apache-tomcat-8.5.24\webapps\ProgettoFinaleCinema2018_DALL.war] has finished in [454] ms
22-Jan-2018 17:13:18.227 INFO [ContainerBackgroundProcessor[StandardEngine[Catalina]]] org.apache.catalina.startup.HostConfig.undeploy Undeploying context [/ProgettoFinaleCinema2018_DALL]
22-Jan-2018 17:13:18.292 INFO [localhost-startStop-16] org.apache.catalina.startup.HostConfig.deployWAR Deploying web application archive [C:\Users\Administrator\Desktop\apache-tomcat-8.5.24\webapps\ProgettoFinaleCinema2018_DALL.war]
22-Jan-2018 17:13:18.706 INFO [localhost-startStop-16] org.apache.jasper.servlet.TldScanner.scanJars At least one JAR was scanned for TLDs yet contained no TLDs. Enable debug logging for this logger for a complete list of JARs that were scanned but no TLDs were found in them. Skipping unneeded JARs during scanning can improve startup time and JSP compilation time.
22-Jan-2018 17:13:18.717 INFO [localhost-startStop-16] org.apache.catalina.startup.HostConfig.deployWAR Deployment of web application archive [C:\Users\Administrator\Desktop\apache-tomcat-8.5.24\webapps\ProgettoFinaleCinema2018_DALL.war] has finished in [425] ms
22-Jan-2018 17:17:18.955 INFO [ContainerBackgroundProcessor[StandardEngine[Catalina]]] org.apache.catalina.startup.HostConfig.undeploy Undeploying context [/ProgettoFinaleCinema2018_DALL]
22-Jan-2018 17:17:19.027 INFO [localhost-startStop-17] org.apache.catalina.startup.HostConfig.deployWAR Deploying web application archive [C:\Users\Administrator\Desktop\apache-tomcat-8.5.24\webapps\ProgettoFinaleCinema2018_DALL.war]
22-Jan-2018 17:17:19.462 INFO [localhost-startStop-17] org.apache.jasper.servlet.TldScanner.scanJars At least one JAR was scanned for TLDs yet contained no TLDs. Enable debug logging for this logger for a complete list of JARs that were scanned but no TLDs were found in them. Skipping unneeded JARs during scanning can improve startup time and JSP compilation time.
22-Jan-2018 17:17:19.476 INFO [localhost-startStop-17] org.apache.catalina.startup.HostConfig.deployWAR Deployment of web application archive [C:\Users\Administrator\Desktop\apache-tomcat-8.5.24\webapps\ProgettoFinaleCinema2018_DALL.war] has finished in [449] ms
22-Jan-2018 17:18:09.528 INFO [ContainerBackgroundProcessor[StandardEngine[Catalina]]] org.apache.catalina.startup.HostConfig.undeploy Undeploying context [/ProgettoFinaleCinema2018_DALL]
22-Jan-2018 17:18:09.592 INFO [localhost-startStop-18] org.apache.catalina.startup.HostConfig.deployWAR Deploying web application archive [C:\Users\Administrator\Desktop\apache-tomcat-8.5.24\webapps\ProgettoFinaleCinema2018_DALL.war]
22-Jan-2018 17:18:10.025 INFO [localhost-startStop-18] org.apache.jasper.servlet.TldScanner.scanJars At least one JAR was scanned for TLDs yet contained no TLDs. Enable debug logging for this logger for a complete list of JARs that were scanned but no TLDs were found in them. Skipping unneeded JARs during scanning can improve startup time and JSP compilation time.
22-Jan-2018 17:18:10.044 INFO [localhost-startStop-18] org.apache.catalina.startup.HostConfig.deployWAR Deployment of web application archive [C:\Users\Administrator\Desktop\apache-tomcat-8.5.24\webapps\ProgettoFinaleCinema2018_DALL.war] has finished in [452] ms
22-Jan-2018 17:19:30.121 INFO [ContainerBackgroundProcessor[StandardEngine[Catalina]]] org.apache.catalina.startup.HostConfig.undeploy Undeploying context [/ProgettoFinaleCinema2018_DALL]
22-Jan-2018 17:19:30.190 INFO [localhost-startStop-19] org.apache.catalina.startup.HostConfig.deployWAR Deploying web application archive [C:\Users\Administrator\Desktop\apache-tomcat-8.5.24\webapps\ProgettoFinaleCinema2018_DALL.war]
22-Jan-2018 17:19:30.610 INFO [localhost-startStop-19] org.apache.jasper.servlet.TldScanner.scanJars At least one JAR was scanned for TLDs yet contained no TLDs. Enable debug logging for this logger for a complete list of JARs that were scanned but no TLDs were found in them. Skipping unneeded JARs during scanning can improve startup time and JSP compilation time.
22-Jan-2018 17:19:30.625 INFO [localhost-startStop-19] org.apache.catalina.startup.HostConfig.deployWAR Deployment of web application archive [C:\Users\Administrator\Desktop\apache-tomcat-8.5.24\webapps\ProgettoFinaleCinema2018_DALL.war] has finished in [435] ms
22-Jan-2018 17:20:20.662 INFO [ContainerBackgroundProcessor[StandardEngine[Catalina]]] org.apache.catalina.startup.HostConfig.undeploy Undeploying context [/ProgettoFinaleCinema2018_DALL]
22-Jan-2018 17:20:20.726 INFO [localhost-startStop-20] org.apache.catalina.startup.HostConfig.deployWAR Deploying web application archive [C:\Users\Administrator\Desktop\apache-tomcat-8.5.24\webapps\ProgettoFinaleCinema2018_DALL.war]
22-Jan-2018 17:20:21.122 INFO [localhost-startStop-20] org.apache.jasper.servlet.TldScanner.scanJars At least one JAR was scanned for TLDs yet contained no TLDs. Enable debug logging for this logger for a complete list of JARs that were scanned but no TLDs were found in them. Skipping unneeded JARs during scanning can improve startup time and JSP compilation time.
22-Jan-2018 17:20:21.133 INFO [localhost-startStop-20] org.apache.catalina.startup.HostConfig.deployWAR Deployment of web application archive [C:\Users\Administrator\Desktop\apache-tomcat-8.5.24\webapps\ProgettoFinaleCinema2018_DALL.war] has finished in [407] ms
22-Jan-2018 17:21:01.173 INFO [ContainerBackgroundProcessor[StandardEngine[Catalina]]] org.apache.catalina.startup.HostConfig.undeploy Undeploying context [/ProgettoFinaleCinema2018_DALL]
22-Jan-2018 17:21:01.243 INFO [localhost-startStop-21] org.apache.catalina.startup.HostConfig.deployWAR Deploying web application archive [C:\Users\Administrator\Desktop\apache-tomcat-8.5.24\webapps\ProgettoFinaleCinema2018_DALL.war]
22-Jan-2018 17:21:01.645 INFO [localhost-startStop-21] org.apache.jasper.servlet.TldScanner.scanJars At least one JAR was scanned for TLDs yet contained no TLDs. Enable debug logging for this logger for a complete list of JARs that were scanned but no TLDs were found in them. Skipping unneeded JARs during scanning can improve startup time and JSP compilation time.
22-Jan-2018 17:21:01.663 INFO [localhost-startStop-21] org.apache.catalina.startup.HostConfig.deployWAR Deployment of web application archive [C:\Users\Administrator\Desktop\apache-tomcat-8.5.24\webapps\ProgettoFinaleCinema2018_DALL.war] has finished in [420] ms
22-Jan-2018 17:21:41.704 INFO [ContainerBackgroundProcessor[StandardEngine[Catalina]]] org.apache.catalina.startup.HostConfig.undeploy Undeploying context [/ProgettoFinaleCinema2018_DALL]
22-Jan-2018 17:21:41.765 INFO [localhost-startStop-22] org.apache.catalina.startup.HostConfig.deployWAR Deploying web application archive [C:\Users\Administrator\Desktop\apache-tomcat-8.5.24\webapps\ProgettoFinaleCinema2018_DALL.war]
22-Jan-2018 17:21:42.197 INFO [localhost-startStop-22] org.apache.jasper.servlet.TldScanner.scanJars At least one JAR was scanned for TLDs yet contained no TLDs. Enable debug logging for this logger for a complete list of JARs that were scanned but no TLDs were found in them. Skipping unneeded JARs during scanning can improve startup time and JSP compilation time.
22-Jan-2018 17:21:42.211 INFO [localhost-startStop-22] org.apache.catalina.startup.HostConfig.deployWAR Deployment of web application archive [C:\Users\Administrator\Desktop\apache-tomcat-8.5.24\webapps\ProgettoFinaleCinema2018_DALL.war] has finished in [446] ms
22-Jan-2018 17:22:52.276 INFO [ContainerBackgroundProcessor[StandardEngine[Catalina]]] org.apache.catalina.startup.HostConfig.undeploy Undeploying context [/ProgettoFinaleCinema2018_DALL]
22-Jan-2018 17:22:52.348 INFO [localhost-startStop-23] org.apache.catalina.startup.HostConfig.deployWAR Deploying web application archive [C:\Users\Administrator\Desktop\apache-tomcat-8.5.24\webapps\ProgettoFinaleCinema2018_DALL.war]
22-Jan-2018 17:22:52.781 INFO [localhost-startStop-23] org.apache.jasper.servlet.TldScanner.scanJars At least one JAR was scanned for TLDs yet contained no TLDs. Enable debug logging for this logger for a complete list of JARs that were scanned but no TLDs were found in them. Skipping unneeded JARs during scanning can improve startup time and JSP compilation time.
22-Jan-2018 17:22:52.796 INFO [localhost-startStop-23] org.apache.catalina.startup.HostConfig.deployWAR Deployment of web application archive [C:\Users\Administrator\Desktop\apache-tomcat-8.5.24\webapps\ProgettoFinaleCinema2018_DALL.war] has finished in [448] ms
22-Jan-2018 17:23:52.843 INFO [ContainerBackgroundProcessor[StandardEngine[Catalina]]] org.apache.catalina.startup.HostConfig.undeploy Undeploying context [/ProgettoFinaleCinema2018_DALL]
22-Jan-2018 17:23:52.886 INFO [localhost-startStop-24] org.apache.catalina.startup.HostConfig.deployWAR Deploying web application archive [C:\Users\Administrator\Desktop\apache-tomcat-8.5.24\webapps\ProgettoFinaleCinema2018_DALL.war]
22-Jan-2018 17:23:53.422 INFO [localhost-startStop-24] org.apache.jasper.servlet.TldScanner.scanJars At least one JAR was scanned for TLDs yet contained no TLDs. Enable debug logging for this logger for a complete list of JARs that were scanned but no TLDs were found in them. Skipping unneeded JARs during scanning can improve startup time and JSP compilation time.
22-Jan-2018 17:23:53.437 INFO [localhost-startStop-24] org.apache.catalina.startup.HostConfig.deployWAR Deployment of web application archive [C:\Users\Administrator\Desktop\apache-tomcat-8.5.24\webapps\ProgettoFinaleCinema2018_DALL.war] has finished in [551] ms
22-Jan-2018 17:25:23.523 INFO [ContainerBackgroundProcessor[StandardEngine[Catalina]]] org.apache.catalina.startup.HostConfig.undeploy Undeploying context [/ProgettoFinaleCinema2018_DALL]
22-Jan-2018 17:25:23.588 INFO [localhost-startStop-25] org.apache.catalina.startup.HostConfig.deployWAR Deploying web application archive [C:\Users\Administrator\Desktop\apache-tomcat-8.5.24\webapps\ProgettoFinaleCinema2018_DALL.war]
22-Jan-2018 17:25:24.084 INFO [localhost-startStop-25] org.apache.jasper.servlet.TldScanner.scanJars At least one JAR was scanned for TLDs yet contained no TLDs. Enable debug logging for this logger for a complete list of JARs that were scanned but no TLDs were found in them. Skipping unneeded JARs during scanning can improve startup time and JSP compilation time.
22-Jan-2018 17:25:24.104 INFO [localhost-startStop-25] org.apache.catalina.startup.HostConfig.deployWAR Deployment of web application archive [C:\Users\Administrator\Desktop\apache-tomcat-8.5.24\webapps\ProgettoFinaleCinema2018_DALL.war] has finished in [516] ms
22-Jan-2018 17:30:14.374 INFO [ContainerBackgroundProcessor[StandardEngine[Catalina]]] org.apache.catalina.startup.HostConfig.undeploy Undeploying context [/ProgettoFinaleCinema2018_DALL]
22-Jan-2018 17:30:14.436 INFO [localhost-startStop-26] org.apache.catalina.startup.HostConfig.deployWAR Deploying web application archive [C:\Users\Administrator\Desktop\apache-tomcat-8.5.24\webapps\ProgettoFinaleCinema2018_DALL.war]
22-Jan-2018 17:30:14.861 INFO [localhost-startStop-26] org.apache.jasper.servlet.TldScanner.scanJars At least one JAR was scanned for TLDs yet contained no TLDs. Enable debug logging for this logger for a complete list of JARs that were scanned but no TLDs were found in them. Skipping unneeded JARs during scanning can improve startup time and JSP compilation time.
22-Jan-2018 17:30:14.872 INFO [localhost-startStop-26] org.apache.catalina.startup.HostConfig.deployWAR Deployment of web application archive [C:\Users\Administrator\Desktop\apache-tomcat-8.5.24\webapps\ProgettoFinaleCinema2018_DALL.war] has finished in [436] ms
22-Jan-2018 17:31:34.941 INFO [ContainerBackgroundProcessor[StandardEngine[Catalina]]] org.apache.catalina.startup.HostConfig.undeploy Undeploying context [/ProgettoFinaleCinema2018_DALL]
22-Jan-2018 17:31:34.990 INFO [localhost-startStop-27] org.apache.catalina.startup.HostConfig.deployWAR Deploying web application archive [C:\Users\Administrator\Desktop\apache-tomcat-8.5.24\webapps\ProgettoFinaleCinema2018_DALL.war]
22-Jan-2018 17:31:35.624 INFO [localhost-startStop-27] org.apache.jasper.servlet.TldScanner.scanJars At least one JAR was scanned for TLDs yet contained no TLDs. Enable debug logging for this logger for a complete list of JARs that were scanned but no TLDs were found in them. Skipping unneeded JARs during scanning can improve startup time and JSP compilation time.
22-Jan-2018 17:31:35.644 INFO [localhost-startStop-27] org.apache.catalina.startup.HostConfig.deployWAR Deployment of web application archive [C:\Users\Administrator\Desktop\apache-tomcat-8.5.24\webapps\ProgettoFinaleCinema2018_DALL.war] has finished in [654] ms
22-Jan-2018 17:32:25.696 INFO [ContainerBackgroundProcessor[StandardEngine[Catalina]]] org.apache.catalina.startup.HostConfig.undeploy Undeploying context [/ProgettoFinaleCinema2018_DALL]
22-Jan-2018 17:32:25.743 INFO [localhost-startStop-28] org.apache.catalina.startup.HostConfig.deployWAR Deploying web application archive [C:\Users\Administrator\Desktop\apache-tomcat-8.5.24\webapps\ProgettoFinaleCinema2018_DALL.war]
22-Jan-2018 17:32:26.211 INFO [localhost-startStop-28] org.apache.jasper.servlet.TldScanner.scanJars At least one JAR was scanned for TLDs yet contained no TLDs. Enable debug logging for this logger for a complete list of JARs that were scanned but no TLDs were found in them. Skipping unneeded JARs during scanning can improve startup time and JSP compilation time.
22-Jan-2018 17:32:26.225 INFO [localhost-startStop-28] org.apache.catalina.startup.HostConfig.deployWAR Deployment of web application archive [C:\Users\Administrator\Desktop\apache-tomcat-8.5.24\webapps\ProgettoFinaleCinema2018_DALL.war] has finished in [482] ms
22-Jan-2018 17:34:06.312 INFO [ContainerBackgroundProcessor[StandardEngine[Catalina]]] org.apache.catalina.startup.HostConfig.undeploy Undeploying context [/ProgettoFinaleCinema2018_DALL]
22-Jan-2018 17:34:06.374 INFO [localhost-startStop-29] org.apache.catalina.startup.HostConfig.deployWAR Deploying web application archive [C:\Users\Administrator\Desktop\apache-tomcat-8.5.24\webapps\ProgettoFinaleCinema2018_DALL.war]
22-Jan-2018 17:34:06.800 INFO [localhost-startStop-29] org.apache.jasper.servlet.TldScanner.scanJars At least one JAR was scanned for TLDs yet contained no TLDs. Enable debug logging for this logger for a complete list of JARs that were scanned but no TLDs were found in them. Skipping unneeded JARs during scanning can improve startup time and JSP compilation time.
22-Jan-2018 17:34:06.812 INFO [localhost-startStop-29] org.apache.catalina.startup.HostConfig.deployWAR Deployment of web application archive [C:\Users\Administrator\Desktop\apache-tomcat-8.5.24\webapps\ProgettoFinaleCinema2018_DALL.war] has finished in [438] ms
22-Jan-2018 17:44:37.343 INFO [ContainerBackgroundProcessor[StandardEngine[Catalina]]] org.apache.catalina.startup.HostConfig.undeploy Undeploying context [/ProgettoFinaleCinema2018_DALL]
22-Jan-2018 17:44:37.418 INFO [localhost-startStop-30] org.apache.catalina.startup.HostConfig.deployWAR Deploying web application archive [C:\Users\Administrator\Desktop\apache-tomcat-8.5.24\webapps\ProgettoFinaleCinema2018_DALL.war]
22-Jan-2018 17:44:37.919 INFO [localhost-startStop-30] org.apache.jasper.servlet.TldScanner.scanJars At least one JAR was scanned for TLDs yet contained no TLDs. Enable debug logging for this logger for a complete list of JARs that were scanned but no TLDs were found in them. Skipping unneeded JARs during scanning can improve startup time and JSP compilation time.
22-Jan-2018 17:44:37.932 INFO [localhost-startStop-30] org.apache.catalina.startup.HostConfig.deployWAR Deployment of web application archive [C:\Users\Administrator\Desktop\apache-tomcat-8.5.24\webapps\ProgettoFinaleCinema2018_DALL.war] has finished in [514] ms
22-Jan-2018 17:55:08.460 INFO [ContainerBackgroundProcessor[StandardEngine[Catalina]]] org.apache.catalina.startup.HostConfig.undeploy Undeploying context [/ProgettoFinaleCinema2018_DALL]
22-Jan-2018 17:55:08.576 INFO [localhost-startStop-31] org.apache.catalina.startup.HostConfig.deployWAR Deploying web application archive [C:\Users\Administrator\Desktop\apache-tomcat-8.5.24\webapps\ProgettoFinaleCinema2018_DALL.war]
22-Jan-2018 17:55:09.123 INFO [localhost-startStop-31] org.apache.jasper.servlet.TldScanner.scanJars At least one JAR was scanned for TLDs yet contained no TLDs. Enable debug logging for this logger for a complete list of JARs that were scanned but no TLDs were found in them. Skipping unneeded JARs during scanning can improve startup time and JSP compilation time.
22-Jan-2018 17:55:09.138 INFO [localhost-startStop-31] org.apache.catalina.startup.HostConfig.deployWAR Deployment of web application archive [C:\Users\Administrator\Desktop\apache-tomcat-8.5.24\webapps\ProgettoFinaleCinema2018_DALL.war] has finished in [560] ms
